<?xml version="1.0" encoding="UTF-8"?>
<testsuite xmlns:xsi="http://www.w3.org/2001/XMLSchema-instance" xsi:noNamespaceSchemaLocation="https://maven.apache.org/surefire/maven-surefire-plugin/xsd/surefire-test-report.xsd" name="TestSuite" time="0.872" tests="2" errors="0" skipped="0" failures="2">
  <properties>
[...]
</properties>
  <testcase name="testlogin" classname="testcodey.mavtest" time="0.099">
    <failure message="Can&apos;t find bundle for base name config, locale en_US" type="java.util.MissingResourceException">java.util.MissingResourceException: Can't find bundle for base name config, locale en_US
	at testcodey.mavtest.testlogin(mavtest.java:15)
</failure>
  </testcase>
  <testcase name="testlogin2" classname="testcodey.mavtest" time="0.001">
    <failure message="Can&apos;t find bundle for base name config, locale en_US" type="java.util.MissingResourceException">java.util.MissingResourceException: Can't find bundle for base name config, locale en_US
	at testcodey.mavtest.testlogin2(mavtest.java:23)
</failure>
  </testcase>
</testsuite>